UID: 1000
Filename: /home/alex/Desktop/CryptoAssignments/Assign5/src_corpus/encfile_0
Date: 24/11/2020
Timestamp: 00:19:35
Accesstype: 0
IsActionDeniedFlag: 0
FileFingerprint: D41D8CD98F00B204E9800998ECF8427E

UID: 1000
Filename: /home/alex/Desktop/CryptoAssignments/Assign5/src_corpus/encfile_0
Date: 24/11/2020
Timestamp: 00:19:35
Accesstype: 2
IsActionDeniedFlag: 0
FileFingerprint: CB38C8B0D5B7867C922357AC8A223D71

UID: 1000
Filename: /home/alex/Desktop/CryptoAssignments/Assign5/src_corpus/encfile_1
Date: 24/11/2020
Timestamp: 00:19:35
Accesstype: 0
IsActionDeniedFlag: 0
FileFingerprint: D41D8CD98F00B204E9800998ECF8427E

UID: 1000
Filename: /home/alex/Desktop/CryptoAssignments/Assign5/src_corpus/encfile_1
Date: 24/11/2020
Timestamp: 00:19:35
Accesstype: 2
IsActionDeniedFlag: 0
FileFingerprint: A331E37E4ADD7F4B806D82B222B7478C

UID: 1000
Filename: /home/alex/Desktop/CryptoAssignments/Assign5/src_corpus/encfile_2
Date: 24/11/2020
Timestamp: 00:19:35
Accesstype: 0
IsActionDeniedFlag: 0
FileFingerprint: D41D8CD98F00B204E9800998ECF8427E

UID: 1000
Filename: /home/alex/Desktop/CryptoAssignments/Assign5/src_corpus/encfile_2
Date: 24/11/2020
Timestamp: 00:19:35
Accesstype: 2
IsActionDeniedFlag: 0
FileFingerprint: 88CB5E0B9AC8EFAEC4F98859CBACC47D

UID: 1000
Filename: /home/alex/Desktop/CryptoAssignments/Assign5/src_corpus/encfile_3
Date: 24/11/2020
Timestamp: 00:19:35
Accesstype: 0
IsActionDeniedFlag: 0
FileFingerprint: D41D8CD98F00B204E9800998ECF8427E

UID: 1000
Filename: /home/alex/Desktop/CryptoAssignments/Assign5/src_corpus/encfile_3
Date: 24/11/2020
Timestamp: 00:19:35
Accesstype: 2
IsActionDeniedFlag: 0
FileFingerprint: 9EE07A95201AE638B11B57D622AFD416

UID: 1000
Filename: /home/alex/Desktop/CryptoAssignments/Assign5/src_corpus/encfile_4
Date: 24/11/2020
Timestamp: 00:19:35
Accesstype: 0
IsActionDeniedFlag: 0
FileFingerprint: D41D8CD98F00B204E9800998ECF8427E

UID: 1000
Filename: /home/alex/Desktop/CryptoAssignments/Assign5/src_corpus/encfile_4
Date: 24/11/2020
Timestamp: 00:19:35
Accesstype: 2
IsActionDeniedFlag: 0
FileFingerprint: 66DD3157489E7BEFBCF7643E37DCC8A4

UID: 1000
Filename: /home/alex/Desktop/CryptoAssignments/Assign5/src_corpus/encfile_5
Date: 24/11/2020
Timestamp: 00:19:35
Accesstype: 0
IsActionDeniedFlag: 0
FileFingerprint: D41D8CD98F00B204E9800998ECF8427E

UID: 1000
Filename: /home/alex/Desktop/CryptoAssignments/Assign5/src_corpus/encfile_5
Date: 24/11/2020
Timestamp: 00:19:35
Accesstype: 2
IsActionDeniedFlag: 0
FileFingerprint: 02C68182AD438B1AFB83E2D376148A25

UID: 1000
Filename: /home/alex/Desktop/CryptoAssignments/Assign5/src_corpus/encfile_6
Date: 24/11/2020
Timestamp: 00:19:35
Accesstype: 0
IsActionDeniedFlag: 0
FileFingerprint: D41D8CD98F00B204E9800998ECF8427E

UID: 1000
Filename: /home/alex/Desktop/CryptoAssignments/Assign5/src_corpus/encfile_6
Date: 24/11/2020
Timestamp: 00:19:35
Accesstype: 2
IsActionDeniedFlag: 0
FileFingerprint: 56C3242127B8D27FED1909A7A47B0113

UID: 1000
Filename: /home/alex/Desktop/CryptoAssignments/Assign5/src_corpus/encfile_7
Date: 24/11/2020
Timestamp: 00:19:35
Accesstype: 0
IsActionDeniedFlag: 0
FileFingerprint: D41D8CD98F00B204E9800998ECF8427E

UID: 1000
Filename: /home/alex/Desktop/CryptoAssignments/Assign5/src_corpus/encfile_7
Date: 24/11/2020
Timestamp: 00:19:35
Accesstype: 2
IsActionDeniedFlag: 0
FileFingerprint: 93B74F12186C437F5E06FF9EB4233FA3

UID: 1000
Filename: /home/alex/Desktop/CryptoAssignments/Assign5/src_corpus/encfile_8
Date: 24/11/2020
Timestamp: 00:19:35
Accesstype: 0
IsActionDeniedFlag: 0
FileFingerprint: D41D8CD98F00B204E9800998ECF8427E

UID: 1000
Filename: /home/alex/Desktop/CryptoAssignments/Assign5/src_corpus/encfile_8
Date: 24/11/2020
Timestamp: 00:19:35
Accesstype: 2
IsActionDeniedFlag: 0
FileFingerprint: D43A53E5FC8230727ECB16AF776B368C

UID: 1000
Filename: /home/alex/Desktop/CryptoAssignments/Assign5/src_corpus/encfile_9
Date: 24/11/2020
Timestamp: 00:19:35
Accesstype: 0
IsActionDeniedFlag: 0
FileFingerprint: D41D8CD98F00B204E9800998ECF8427E

UID: 1000
Filename: /home/alex/Desktop/CryptoAssignments/Assign5/src_corpus/encfile_9
Date: 24/11/2020
Timestamp: 00:19:35
Accesstype: 2
IsActionDeniedFlag: 0
FileFingerprint: F516FA2D5F1D5A24416F1CAFA417F041

UID: 1000
Filename: /home/alex/Desktop/CryptoAssignments/Assign5/src_corpus/encfile_0.encrypt
Date: 24/11/2020
Timestamp: 00:19:35
Accesstype: 0
IsActionDeniedFlag: 0
FileFingerprint: D41D8CD98F00B204E9800998ECF8427E

UID: 1000
Filename: /home/alex/Desktop/CryptoAssignments/Assign5/src_corpus/encfile_0.encrypt
Date: 24/11/2020
Timestamp: 00:19:35
Accesstype: 2
IsActionDeniedFlag: 0
FileFingerprint: 9918CF89561F3E632CC3ADD1663F56C1

UID: 1000
Filename: /home/alex/Desktop/CryptoAssignments/Assign5/src_corpus/encfile_1.encrypt
Date: 24/11/2020
Timestamp: 00:19:35
Accesstype: 0
IsActionDeniedFlag: 0
FileFingerprint: D41D8CD98F00B204E9800998ECF8427E

UID: 1000
Filename: /home/alex/Desktop/CryptoAssignments/Assign5/src_corpus/encfile_1.encrypt
Date: 24/11/2020
Timestamp: 00:19:35
Accesstype: 2
IsActionDeniedFlag: 0
FileFingerprint: 175859957FDD08679151CD03590A7FD4

UID: 1000
Filename: /home/alex/Desktop/CryptoAssignments/Assign5/src_corpus/encfile_2.encrypt
Date: 24/11/2020
Timestamp: 00:19:35
Accesstype: 0
IsActionDeniedFlag: 0
FileFingerprint: D41D8CD98F00B204E9800998ECF8427E

UID: 1000
Filename: /home/alex/Desktop/CryptoAssignments/Assign5/src_corpus/encfile_2.encrypt
Date: 24/11/2020
Timestamp: 00:19:35
Accesstype: 2
IsActionDeniedFlag: 0
FileFingerprint: 47D9DDFF53B6775681B14B0C14C8AD07

UID: 1000
Filename: /home/alex/Desktop/CryptoAssignments/Assign5/src_corpus/encfile_3.encrypt
Date: 24/11/2020
Timestamp: 00:19:35
Accesstype: 0
IsActionDeniedFlag: 0
FileFingerprint: D41D8CD98F00B204E9800998ECF8427E

UID: 1000
Filename: /home/alex/Desktop/CryptoAssignments/Assign5/src_corpus/encfile_3.encrypt
Date: 24/11/2020
Timestamp: 00:19:35
Accesstype: 2
IsActionDeniedFlag: 0
FileFingerprint: 029516599AD5948B7732636289589D69

UID: 1000
Filename: /home/alex/Desktop/CryptoAssignments/Assign5/src_corpus/encfile_4.encrypt
Date: 24/11/2020
Timestamp: 00:19:35
Accesstype: 0
IsActionDeniedFlag: 0
FileFingerprint: D41D8CD98F00B204E9800998ECF8427E

UID: 1000
Filename: /home/alex/Desktop/CryptoAssignments/Assign5/src_corpus/encfile_4.encrypt
Date: 24/11/2020
Timestamp: 00:19:35
Accesstype: 2
IsActionDeniedFlag: 0
FileFingerprint: 166B6613FFD2446F978C32785E1EFBDE

UID: 1000
Filename: /home/alex/Desktop/CryptoAssignments/Assign5/src_corpus/encfile_5.encrypt
Date: 24/11/2020
Timestamp: 00:19:35
Accesstype: 0
IsActionDeniedFlag: 0
FileFingerprint: D41D8CD98F00B204E9800998ECF8427E

UID: 1000
Filename: /home/alex/Desktop/CryptoAssignments/Assign5/src_corpus/encfile_5.encrypt
Date: 24/11/2020
Timestamp: 00:19:35
Accesstype: 2
IsActionDeniedFlag: 0
FileFingerprint: D8156E4F8AF72E6B4ED752B6B079A199

UID: 1000
Filename: /home/alex/Desktop/CryptoAssignments/Assign5/src_corpus/encfile_6.encrypt
Date: 24/11/2020
Timestamp: 00:19:35
Accesstype: 0
IsActionDeniedFlag: 0
FileFingerprint: D41D8CD98F00B204E9800998ECF8427E

UID: 1000
Filename: /home/alex/Desktop/CryptoAssignments/Assign5/src_corpus/encfile_6.encrypt
Date: 24/11/2020
Timestamp: 00:19:35
Accesstype: 2
IsActionDeniedFlag: 0
FileFingerprint: 9702CA9B149B1A3122D9AEB60C5C4A72

UID: 1000
Filename: /home/alex/Desktop/CryptoAssignments/Assign5/src_corpus/encfile_7.encrypt
Date: 24/11/2020
Timestamp: 00:19:35
Accesstype: 0
IsActionDeniedFlag: 0
FileFingerprint: D41D8CD98F00B204E9800998ECF8427E

UID: 1000
Filename: /home/alex/Desktop/CryptoAssignments/Assign5/src_corpus/encfile_7.encrypt
Date: 24/11/2020
Timestamp: 00:19:35
Accesstype: 2
IsActionDeniedFlag: 0
FileFingerprint: 6725F3F2385E13A67E98A1774744B9DD

UID: 1000
Filename: /home/alex/Desktop/CryptoAssignments/Assign5/src_corpus/encfile_8.encrypt
Date: 24/11/2020
Timestamp: 00:19:35
Accesstype: 0
IsActionDeniedFlag: 0
FileFingerprint: D41D8CD98F00B204E9800998ECF8427E

UID: 1000
Filename: /home/alex/Desktop/CryptoAssignments/Assign5/src_corpus/encfile_8.encrypt
Date: 24/11/2020
Timestamp: 00:19:35
Accesstype: 2
IsActionDeniedFlag: 0
FileFingerprint: 46DFC369067FB5995039428943720EDC

UID: 1000
Filename: /home/alex/Desktop/CryptoAssignments/Assign5/src_corpus/encfile_9.encrypt
Date: 24/11/2020
Timestamp: 00:19:35
Accesstype: 0
IsActionDeniedFlag: 0
FileFingerprint: D41D8CD98F00B204E9800998ECF8427E

UID: 1000
Filename: /home/alex/Desktop/CryptoAssignments/Assign5/src_corpus/encfile_9.encrypt
Date: 24/11/2020
Timestamp: 00:19:35
Accesstype: 2
IsActionDeniedFlag: 0
FileFingerprint: CE1774602B4A6F4FD66146082BBC0F61

